ARM GAS  /tmp/cctegLwS.s 			page 1


   1              		.cpu cortex-m4
   2              		.arch armv7e-m
   3              		.fpu fpv4-sp-d16
   4              		.eabi_attribute 27, 1
   5              		.eabi_attribute 28, 1
   6              		.eabi_attribute 20, 1
   7              		.eabi_attribute 21, 1
   8              		.eabi_attribute 23, 3
   9              		.eabi_attribute 24, 1
  10              		.eabi_attribute 25, 1
  11              		.eabi_attribute 26, 1
  12              		.eabi_attribute 30, 1
  13              		.eabi_attribute 34, 1
  14              		.eabi_attribute 18, 4
  15              		.file	"odeta_gpio.c"
  16              		.text
  17              	.Ltext0:
  18              		.cfi_sections	.debug_frame
  19              		.file 1 "lib/odeta_gpio.c"
  20              		.section	.text.setPortPinsAsOutput,"ax",%progbits
  21              		.align	1
  22              		.global	setPortPinsAsOutput
  23              		.syntax unified
  24              		.thumb
  25              		.thumb_func
  27              	setPortPinsAsOutput:
  28              	.LVL0:
  29              	.LFB390:
   1:lib/odeta_gpio.c **** #include "odeta_gpio.h"
   2:lib/odeta_gpio.c **** 
   3:lib/odeta_gpio.c **** void setPortPinsAsOutput(GPIO_TypeDef *port, uint32_t pins, OutputMode_t mode){
  30              		.loc 1 3 79 view -0
  31              		.cfi_startproc
  32              		@ args = 0, pretend = 0, frame = 0
  33              		@ frame_needed = 0, uses_anonymous_args = 0
   4:lib/odeta_gpio.c ****     while( pins ){
  34              		.loc 1 4 5 view .LVU1
  35              		.loc 1 4 12 view .LVU2
  36 0000 0029     		cmp	r1, #0
  37 0002 45D0     		beq	.L7
   3:lib/odeta_gpio.c ****     while( pins ){
  38              		.loc 1 3 79 is_stmt 0 view .LVU3
  39 0004 F0B5     		push	{r4, r5, r6, r7, lr}
  40              	.LCFI0:
  41              		.cfi_def_cfa_offset 20
  42              		.cfi_offset 4, -20
  43              		.cfi_offset 5, -16
  44              		.cfi_offset 6, -12
  45              		.cfi_offset 7, -8
  46              		.cfi_offset 14, -4
  47              	.L3:
  48              	.LBB2:
   5:lib/odeta_gpio.c ****         uint32_t pin_no = 31 - __CLZ(pins);
  49              		.loc 1 5 9 is_stmt 1 view .LVU4
  50              		.loc 1 5 30 is_stmt 0 view .LVU5
  51 0006 B1FA81FC 		clz	ip, r1
  52 000a CCF11F0C 		rsb	ip, ip, #31
ARM GAS  /tmp/cctegLwS.s 			page 2


  53              	.LVL1:
   6:lib/odeta_gpio.c ****         port->MODER &= ~(0x01UL<<(2*(pin_no)+1));
  54              		.loc 1 6 9 is_stmt 1 view .LVU6
  55              		.loc 1 6 13 is_stmt 0 view .LVU7
  56 000e 0568     		ldr	r5, [r0]
  57              		.loc 1 6 36 view .LVU8
  58 0010 4FEA4C04 		lsl	r4, ip, #1
  59              		.loc 1 6 45 view .LVU9
  60 0014 631C     		adds	r3, r4, #1
  61              		.loc 1 6 32 view .LVU10
  62 0016 4FF0010E 		mov	lr, #1
  63 001a 0EFA03F3 		lsl	r3, lr, r3
  64              		.loc 1 6 21 view .LVU11
  65 001e 25EA0305 		bic	r5, r5, r3
  66 0022 0560     		str	r5, [r0]
   7:lib/odeta_gpio.c ****         port->MODER |= (0x01UL<<(2*(pin_no)));
  67              		.loc 1 7 9 is_stmt 1 view .LVU12
  68              		.loc 1 7 13 is_stmt 0 view .LVU13
  69 0024 0568     		ldr	r5, [r0]
  70              		.loc 1 7 31 view .LVU14
  71 0026 0EFA04F7 		lsl	r7, lr, r4
  72              		.loc 1 7 21 view .LVU15
  73 002a 3D43     		orrs	r5, r5, r7
  74 002c 0560     		str	r5, [r0]
   8:lib/odeta_gpio.c **** 
   9:lib/odeta_gpio.c ****         port->OTYPER &= ~(_IS_SET(mode, OUTPUT_PUSHPULL)<<(pin_no));
  75              		.loc 1 9 9 is_stmt 1 view .LVU16
  76              		.loc 1 9 13 is_stmt 0 view .LVU17
  77 002e 4568     		ldr	r5, [r0, #4]
  78              		.loc 1 9 57 view .LVU18
  79 0030 0EFA0CFE 		lsl	lr, lr, ip
  80              		.loc 1 9 22 view .LVU19
  81 0034 25EA0E05 		bic	r5, r5, lr
  82 0038 4560     		str	r5, [r0, #4]
  10:lib/odeta_gpio.c ****         port->OTYPER |= (_IS_SET(mode, OUTPUT_OD)<<(pin_no));
  83              		.loc 1 10 9 is_stmt 1 view .LVU20
  84              		.loc 1 10 13 is_stmt 0 view .LVU21
  85 003a 4568     		ldr	r5, [r0, #4]
  86              		.loc 1 10 26 view .LVU22
  87 003c C2F38006 		ubfx	r6, r2, #2, #1
  88              		.loc 1 10 50 view .LVU23
  89 0040 06FA0CFC 		lsl	ip, r6, ip
  90              	.LVL2:
  91              		.loc 1 10 22 view .LVU24
  92 0044 45EA0C05 		orr	r5, r5, ip
  93 0048 4560     		str	r5, [r0, #4]
  11:lib/odeta_gpio.c **** 
  12:lib/odeta_gpio.c ****         port->OSPEEDR &= ~(0x01UL<<(2*(pin_no)));
  94              		.loc 1 12 9 is_stmt 1 view .LVU25
  95              		.loc 1 12 13 is_stmt 0 view .LVU26
  96 004a 8568     		ldr	r5, [r0, #8]
  97              		.loc 1 12 23 view .LVU27
  98 004c 25EA0705 		bic	r5, r5, r7
  99 0050 8560     		str	r5, [r0, #8]
  13:lib/odeta_gpio.c ****         port->OSPEEDR |= (0x01UL<<(2*(pin_no)+1));
 100              		.loc 1 13 9 is_stmt 1 view .LVU28
 101              		.loc 1 13 13 is_stmt 0 view .LVU29
ARM GAS  /tmp/cctegLwS.s 			page 3


 102 0052 8568     		ldr	r5, [r0, #8]
 103              		.loc 1 13 23 view .LVU30
 104 0054 2B43     		orrs	r3, r3, r5
 105 0056 8360     		str	r3, [r0, #8]
  14:lib/odeta_gpio.c **** 
  15:lib/odeta_gpio.c ****         port->PUPDR &= ~(((_IS_SET(mode, OUTPUT_PULLUP)<<1)|_IS_SET(mode, OUTPUT_PULLDOWN))<<(2*(pi
 106              		.loc 1 15 9 is_stmt 1 view .LVU31
 107              		.loc 1 15 13 is_stmt 0 view .LVU32
 108 0058 C568     		ldr	r5, [r0, #12]
 109              		.loc 1 15 56 view .LVU33
 110 005a 4FEA420C 		lsl	ip, r2, #1
 111 005e 0CF0020C 		and	ip, ip, #2
 112              		.loc 1 15 61 view .LVU34
 113 0062 02F00203 		and	r3, r2, #2
 114 0066 C2F34006 		ubfx	r6, r2, #1, #1
 115              		.loc 1 15 60 view .LVU35
 116 006a 4CEA060C 		orr	ip, ip, r6
 117              		.loc 1 15 92 view .LVU36
 118 006e 0CFA04FC 		lsl	ip, ip, r4
 119              		.loc 1 15 21 view .LVU37
 120 0072 25EA0C05 		bic	r5, r5, ip
 121 0076 C560     		str	r5, [r0, #12]
  16:lib/odeta_gpio.c ****         port->PUPDR |= (((_IS_SET(mode, OUTPUT_PULLDOWN)<<1)|_IS_SET(mode, OUTPUT_PULLUP))<<(2*(pin
 122              		.loc 1 16 9 is_stmt 1 view .LVU38
 123              		.loc 1 16 13 is_stmt 0 view .LVU39
 124 0078 C568     		ldr	r5, [r0, #12]
 125              		.loc 1 16 62 view .LVU40
 126 007a 02F00106 		and	r6, r2, #1
 127              		.loc 1 16 61 view .LVU41
 128 007e 3343     		orrs	r3, r3, r6
 129              		.loc 1 16 91 view .LVU42
 130 0080 A340     		lsls	r3, r3, r4
 131              		.loc 1 16 21 view .LVU43
 132 0082 2B43     		orrs	r3, r3, r5
 133 0084 C360     		str	r3, [r0, #12]
  17:lib/odeta_gpio.c ****         pins &= ~(0x01UL<<pin_no);
 134              		.loc 1 17 9 is_stmt 1 view .LVU44
 135              		.loc 1 17 14 is_stmt 0 view .LVU45
 136 0086 21EA0E01 		bic	r1, r1, lr
 137              	.LVL3:
 138              		.loc 1 17 14 view .LVU46
 139              	.LBE2:
   4:lib/odeta_gpio.c ****         uint32_t pin_no = 31 - __CLZ(pins);
 140              		.loc 1 4 12 is_stmt 1 view .LVU47
 141 008a 0029     		cmp	r1, #0
 142 008c BBD1     		bne	.L3
  18:lib/odeta_gpio.c ****     }
  19:lib/odeta_gpio.c **** }
 143              		.loc 1 19 1 is_stmt 0 view .LVU48
 144 008e F0BD     		pop	{r4, r5, r6, r7, pc}
 145              	.LVL4:
 146              	.L7:
 147              	.LCFI1:
 148              		.cfi_def_cfa_offset 0
 149              		.cfi_restore 4
 150              		.cfi_restore 5
 151              		.cfi_restore 6
ARM GAS  /tmp/cctegLwS.s 			page 4


 152              		.cfi_restore 7
 153              		.cfi_restore 14
 154              		.loc 1 19 1 view .LVU49
 155 0090 7047     		bx	lr
 156              		.cfi_endproc
 157              	.LFE390:
 159              		.section	.text.setPortPinsAsInput,"ax",%progbits
 160              		.align	1
 161              		.global	setPortPinsAsInput
 162              		.syntax unified
 163              		.thumb
 164              		.thumb_func
 166              	setPortPinsAsInput:
 167              	.LVL5:
 168              	.LFB391:
  20:lib/odeta_gpio.c **** 
  21:lib/odeta_gpio.c **** void setPortPinsAsInput(GPIO_TypeDef *port, uint32_t pins, InputMode_t mode){
 169              		.loc 1 21 77 is_stmt 1 view -0
 170              		.cfi_startproc
 171              		@ args = 0, pretend = 0, frame = 0
 172              		@ frame_needed = 0, uses_anonymous_args = 0
  22:lib/odeta_gpio.c ****     while( pins ){
 173              		.loc 1 22 5 view .LVU51
 174              		.loc 1 22 12 view .LVU52
 175 0000 61B3     		cbz	r1, .L14
  21:lib/odeta_gpio.c ****     while( pins ){
 176              		.loc 1 21 77 is_stmt 0 view .LVU53
 177 0002 70B5     		push	{r4, r5, r6, lr}
 178              	.LCFI2:
 179              		.cfi_def_cfa_offset 16
 180              		.cfi_offset 4, -16
 181              		.cfi_offset 5, -12
 182              		.cfi_offset 6, -8
 183              		.cfi_offset 14, -4
 184              	.L10:
 185              	.LBB3:
  23:lib/odeta_gpio.c ****         uint32_t pin_no = 31 - __CLZ(pins);
 186              		.loc 1 23 9 is_stmt 1 view .LVU54
 187              		.loc 1 23 30 is_stmt 0 view .LVU55
 188 0004 B1FA81FE 		clz	lr, r1
 189 0008 CEF11F0E 		rsb	lr, lr, #31
 190              	.LVL6:
  24:lib/odeta_gpio.c ****         port->MODER &= ~(0x11UL<<(2*(pin_no)));
 191              		.loc 1 24 9 is_stmt 1 view .LVU56
 192              		.loc 1 24 13 is_stmt 0 view .LVU57
 193 000c 0368     		ldr	r3, [r0]
 194              		.loc 1 24 36 view .LVU58
 195 000e 4FEA4E05 		lsl	r5, lr, #1
 196              		.loc 1 24 32 view .LVU59
 197 0012 1124     		movs	r4, #17
 198 0014 AC40     		lsls	r4, r4, r5
 199              		.loc 1 24 21 view .LVU60
 200 0016 23EA0403 		bic	r3, r3, r4
 201 001a 0360     		str	r3, [r0]
  25:lib/odeta_gpio.c **** 
  26:lib/odeta_gpio.c ****         port->PUPDR &= ~(((_IS_SET(mode, INPUT_PULLUP)<<1)|_IS_SET(mode, INPUT_PULLDOWN))<<(2*(pin_
 202              		.loc 1 26 9 is_stmt 1 view .LVU61
ARM GAS  /tmp/cctegLwS.s 			page 5


 203              		.loc 1 26 13 is_stmt 0 view .LVU62
 204 001c C468     		ldr	r4, [r0, #12]
 205              		.loc 1 26 55 view .LVU63
 206 001e 4FEA420C 		lsl	ip, r2, #1
 207 0022 0CF0020C 		and	ip, ip, #2
 208              		.loc 1 26 60 view .LVU64
 209 0026 02F00203 		and	r3, r2, #2
 210 002a C2F34006 		ubfx	r6, r2, #1, #1
 211              		.loc 1 26 59 view .LVU65
 212 002e 4CEA060C 		orr	ip, ip, r6
 213              		.loc 1 26 90 view .LVU66
 214 0032 0CFA05FC 		lsl	ip, ip, r5
 215              		.loc 1 26 21 view .LVU67
 216 0036 24EA0C04 		bic	r4, r4, ip
 217 003a C460     		str	r4, [r0, #12]
  27:lib/odeta_gpio.c ****         port->PUPDR |= (((_IS_SET(mode, INPUT_PULLDOWN)<<1)|_IS_SET(mode, INPUT_PULLUP))<<(2*(pin_n
 218              		.loc 1 27 9 is_stmt 1 view .LVU68
 219              		.loc 1 27 13 is_stmt 0 view .LVU69
 220 003c C468     		ldr	r4, [r0, #12]
 221              		.loc 1 27 61 view .LVU70
 222 003e 02F0010C 		and	ip, r2, #1
 223              		.loc 1 27 60 view .LVU71
 224 0042 43EA0C03 		orr	r3, r3, ip
 225              		.loc 1 27 89 view .LVU72
 226 0046 AB40     		lsls	r3, r3, r5
 227              		.loc 1 27 21 view .LVU73
 228 0048 2343     		orrs	r3, r3, r4
 229 004a C360     		str	r3, [r0, #12]
  28:lib/odeta_gpio.c ****         pins &= ~(0x01UL<<pin_no);
 230              		.loc 1 28 9 is_stmt 1 view .LVU74
 231              		.loc 1 28 25 is_stmt 0 view .LVU75
 232 004c 0123     		movs	r3, #1
 233 004e 03FA0EF3 		lsl	r3, r3, lr
 234              		.loc 1 28 14 view .LVU76
 235 0052 21EA0301 		bic	r1, r1, r3
 236              	.LVL7:
 237              		.loc 1 28 14 view .LVU77
 238              	.LBE3:
  22:lib/odeta_gpio.c ****         uint32_t pin_no = 31 - __CLZ(pins);
 239              		.loc 1 22 12 is_stmt 1 view .LVU78
 240 0056 0029     		cmp	r1, #0
 241 0058 D4D1     		bne	.L10
  29:lib/odeta_gpio.c **** 
  30:lib/odeta_gpio.c ****     }
  31:lib/odeta_gpio.c **** }
 242              		.loc 1 31 1 is_stmt 0 view .LVU79
 243 005a 70BD     		pop	{r4, r5, r6, pc}
 244              	.LVL8:
 245              	.L14:
 246              	.LCFI3:
 247              		.cfi_def_cfa_offset 0
 248              		.cfi_restore 4
 249              		.cfi_restore 5
 250              		.cfi_restore 6
 251              		.cfi_restore 14
 252              		.loc 1 31 1 view .LVU80
 253 005c 7047     		bx	lr
ARM GAS  /tmp/cctegLwS.s 			page 6


 254              		.cfi_endproc
 255              	.LFE391:
 257              		.section	.text.setPortOutput,"ax",%progbits
 258              		.align	1
 259              		.global	setPortOutput
 260              		.syntax unified
 261              		.thumb
 262              		.thumb_func
 264              	setPortOutput:
 265              	.LVL9:
 266              	.LFB392:
  32:lib/odeta_gpio.c **** 
  33:lib/odeta_gpio.c **** void setPortOutput(GPIO_TypeDef *port, uint32_t pins, uint8_t state){
 267              		.loc 1 33 69 is_stmt 1 view -0
 268              		.cfi_startproc
 269              		@ args = 0, pretend = 0, frame = 0
 270              		@ frame_needed = 0, uses_anonymous_args = 0
 271              		@ link register save eliminated.
  34:lib/odeta_gpio.c ****     if (state)
 272              		.loc 1 34 5 view .LVU82
 273              		.loc 1 34 8 is_stmt 0 view .LVU83
 274 0000 1AB1     		cbz	r2, .L16
  35:lib/odeta_gpio.c ****         port->ODR |= pins;
 275              		.loc 1 35 9 is_stmt 1 view .LVU84
 276              		.loc 1 35 13 is_stmt 0 view .LVU85
 277 0002 4369     		ldr	r3, [r0, #20]
 278              		.loc 1 35 19 view .LVU86
 279 0004 0B43     		orrs	r3, r3, r1
 280 0006 4361     		str	r3, [r0, #20]
 281 0008 7047     		bx	lr
 282              	.L16:
  36:lib/odeta_gpio.c ****     else
  37:lib/odeta_gpio.c ****         port->ODR &= ~pins;
 283              		.loc 1 37 9 is_stmt 1 view .LVU87
 284              		.loc 1 37 13 is_stmt 0 view .LVU88
 285 000a 4369     		ldr	r3, [r0, #20]
 286              		.loc 1 37 19 view .LVU89
 287 000c 23EA0103 		bic	r3, r3, r1
 288 0010 4361     		str	r3, [r0, #20]
  38:lib/odeta_gpio.c **** }
 289              		.loc 1 38 1 view .LVU90
 290 0012 7047     		bx	lr
 291              		.cfi_endproc
 292              	.LFE392:
 294              		.section	.text.getPortInput,"ax",%progbits
 295              		.align	1
 296              		.global	getPortInput
 297              		.syntax unified
 298              		.thumb
 299              		.thumb_func
 301              	getPortInput:
 302              	.LVL10:
 303              	.LFB393:
  39:lib/odeta_gpio.c **** 
  40:lib/odeta_gpio.c **** uint32_t getPortInput(GPIO_TypeDef *port, uint32_t pins){
 304              		.loc 1 40 57 is_stmt 1 view -0
 305              		.cfi_startproc
ARM GAS  /tmp/cctegLwS.s 			page 7


 306              		@ args = 0, pretend = 0, frame = 0
 307              		@ frame_needed = 0, uses_anonymous_args = 0
 308              		@ link register save eliminated.
  41:lib/odeta_gpio.c ****     return ((port->IDR & pins) == pins);
 309              		.loc 1 41 5 view .LVU92
 310              		.loc 1 41 18 is_stmt 0 view .LVU93
 311 0000 0369     		ldr	r3, [r0, #16]
 312              		.loc 1 41 32 view .LVU94
 313 0002 9943     		bics	r1, r1, r3
 314              	.LVL11:
  42:lib/odeta_gpio.c **** }
 315              		.loc 1 42 1 view .LVU95
 316 0004 0CBF     		ite	eq
 317 0006 0120     		moveq	r0, #1
 318              	.LVL12:
 319              		.loc 1 42 1 view .LVU96
 320 0008 0020     		movne	r0, #0
 321 000a 7047     		bx	lr
 322              		.cfi_endproc
 323              	.LFE393:
 325              		.section	.text.getPortOutput,"ax",%progbits
 326              		.align	1
 327              		.global	getPortOutput
 328              		.syntax unified
 329              		.thumb
 330              		.thumb_func
 332              	getPortOutput:
 333              	.LVL13:
 334              	.LFB394:
  43:lib/odeta_gpio.c **** 
  44:lib/odeta_gpio.c **** uint32_t getPortOutput(GPIO_TypeDef *port, uint32_t pins){
 335              		.loc 1 44 58 is_stmt 1 view -0
 336              		.cfi_startproc
 337              		@ args = 0, pretend = 0, frame = 0
 338              		@ frame_needed = 0, uses_anonymous_args = 0
 339              		@ link register save eliminated.
  45:lib/odeta_gpio.c ****     return ((port->ODR & pins) == pins);
 340              		.loc 1 45 5 view .LVU98
 341              		.loc 1 45 18 is_stmt 0 view .LVU99
 342 0000 4369     		ldr	r3, [r0, #20]
 343              		.loc 1 45 32 view .LVU100
 344 0002 9943     		bics	r1, r1, r3
 345              	.LVL14:
  46:lib/odeta_gpio.c **** }
 346              		.loc 1 46 1 view .LVU101
 347 0004 0CBF     		ite	eq
 348 0006 0120     		moveq	r0, #1
 349              	.LVL15:
 350              		.loc 1 46 1 view .LVU102
 351 0008 0020     		movne	r0, #0
 352 000a 7047     		bx	lr
 353              		.cfi_endproc
 354              	.LFE394:
 356              		.section	.text.gpioSetPinsAsOutput,"ax",%progbits
 357              		.align	1
 358              		.global	gpioSetPinsAsOutput
 359              		.syntax unified
ARM GAS  /tmp/cctegLwS.s 			page 8


 360              		.thumb
 361              		.thumb_func
 363              	gpioSetPinsAsOutput:
 364              	.LVL16:
 365              	.LFB395:
  47:lib/odeta_gpio.c **** 
  48:lib/odeta_gpio.c **** void gpioSetPinsAsOutput(uint32_t pins, OutputMode_t mode){
 366              		.loc 1 48 59 is_stmt 1 view -0
 367              		.cfi_startproc
 368              		@ args = 0, pretend = 0, frame = 0
 369              		@ frame_needed = 0, uses_anonymous_args = 0
 370              		.loc 1 48 59 is_stmt 0 view .LVU104
 371 0000 38B5     		push	{r3, r4, r5, lr}
 372              	.LCFI4:
 373              		.cfi_def_cfa_offset 16
 374              		.cfi_offset 3, -16
 375              		.cfi_offset 4, -12
 376              		.cfi_offset 5, -8
 377              		.cfi_offset 14, -4
 378 0002 0446     		mov	r4, r0
 379 0004 0D46     		mov	r5, r1
  49:lib/odeta_gpio.c ****     setPortPinsAsOutput(GPIOA, _PORT(A, pins), mode);
 380              		.loc 1 49 5 is_stmt 1 view .LVU105
 381              		.loc 1 49 32 is_stmt 0 view .LVU106
 382 0006 8300     		lsls	r3, r0, #2
 383 0008 03F40043 		and	r3, r3, #32768
 384 000c C0F30C01 		ubfx	r1, r0, #0, #13
 385              	.LVL17:
 386              		.loc 1 49 5 view .LVU107
 387 0010 2A46     		mov	r2, r5
 388 0012 1943     		orrs	r1, r1, r3
 389 0014 0A48     		ldr	r0, .L22
 390              	.LVL18:
 391              		.loc 1 49 5 view .LVU108
 392 0016 FFF7FEFF 		bl	setPortPinsAsOutput
 393              	.LVL19:
  50:lib/odeta_gpio.c ****     setPortPinsAsOutput(GPIOB, _PORT(B, pins), mode);
 394              		.loc 1 50 5 is_stmt 1 view .LVU109
 395              		.loc 1 50 32 is_stmt 0 view .LVU110
 396 001a A30B     		lsrs	r3, r4, #14
 397 001c 5900     		lsls	r1, r3, #1
 398 001e 01F47041 		and	r1, r1, #61440
 399 0022 C3F30A03 		ubfx	r3, r3, #0, #11
 400              		.loc 1 50 5 view .LVU111
 401 0026 2A46     		mov	r2, r5
 402 0028 1943     		orrs	r1, r1, r3
 403 002a 0648     		ldr	r0, .L22+4
 404 002c FFF7FEFF 		bl	setPortPinsAsOutput
 405              	.LVL20:
  51:lib/odeta_gpio.c ****     setPortPinsAsOutput(GPIOC, _PORT(C, pins), mode);
 406              		.loc 1 51 5 is_stmt 1 view .LVU112
 407              		.loc 1 51 32 is_stmt 0 view .LVU113
 408 0030 640F     		lsrs	r4, r4, #29
 409              	.LVL21:
 410              		.loc 1 51 5 view .LVU114
 411 0032 2A46     		mov	r2, r5
 412 0034 6103     		lsls	r1, r4, #13
ARM GAS  /tmp/cctegLwS.s 			page 9


 413 0036 0448     		ldr	r0, .L22+8
 414 0038 FFF7FEFF 		bl	setPortPinsAsOutput
 415              	.LVL22:
  52:lib/odeta_gpio.c **** }
 416              		.loc 1 52 1 view .LVU115
 417 003c 38BD     		pop	{r3, r4, r5, pc}
 418              	.L23:
 419 003e 00BF     		.align	2
 420              	.L22:
 421 0040 00000240 		.word	1073872896
 422 0044 00040240 		.word	1073873920
 423 0048 00080240 		.word	1073874944
 424              		.cfi_endproc
 425              	.LFE395:
 427              		.section	.text.gpioSetPinsAsInput,"ax",%progbits
 428              		.align	1
 429              		.global	gpioSetPinsAsInput
 430              		.syntax unified
 431              		.thumb
 432              		.thumb_func
 434              	gpioSetPinsAsInput:
 435              	.LVL23:
 436              	.LFB396:
  53:lib/odeta_gpio.c **** 
  54:lib/odeta_gpio.c **** 
  55:lib/odeta_gpio.c **** void gpioSetPinsAsInput(uint32_t pins, InputMode_t mode){
 437              		.loc 1 55 57 is_stmt 1 view -0
 438              		.cfi_startproc
 439              		@ args = 0, pretend = 0, frame = 0
 440              		@ frame_needed = 0, uses_anonymous_args = 0
 441              		.loc 1 55 57 is_stmt 0 view .LVU117
 442 0000 38B5     		push	{r3, r4, r5, lr}
 443              	.LCFI5:
 444              		.cfi_def_cfa_offset 16
 445              		.cfi_offset 3, -16
 446              		.cfi_offset 4, -12
 447              		.cfi_offset 5, -8
 448              		.cfi_offset 14, -4
 449 0002 0446     		mov	r4, r0
 450 0004 0D46     		mov	r5, r1
  56:lib/odeta_gpio.c ****     setPortPinsAsInput(GPIOA, _PORT(A, pins), mode);
 451              		.loc 1 56 5 is_stmt 1 view .LVU118
 452              		.loc 1 56 31 is_stmt 0 view .LVU119
 453 0006 8300     		lsls	r3, r0, #2
 454 0008 03F40043 		and	r3, r3, #32768
 455 000c C0F30C01 		ubfx	r1, r0, #0, #13
 456              	.LVL24:
 457              		.loc 1 56 5 view .LVU120
 458 0010 2A46     		mov	r2, r5
 459 0012 1943     		orrs	r1, r1, r3
 460 0014 0A48     		ldr	r0, .L26
 461              	.LVL25:
 462              		.loc 1 56 5 view .LVU121
 463 0016 FFF7FEFF 		bl	setPortPinsAsInput
 464              	.LVL26:
  57:lib/odeta_gpio.c ****     setPortPinsAsInput(GPIOB, _PORT(B, pins), mode);
 465              		.loc 1 57 5 is_stmt 1 view .LVU122
ARM GAS  /tmp/cctegLwS.s 			page 10


 466              		.loc 1 57 31 is_stmt 0 view .LVU123
 467 001a A30B     		lsrs	r3, r4, #14
 468 001c 5900     		lsls	r1, r3, #1
 469 001e 01F47041 		and	r1, r1, #61440
 470 0022 C3F30A03 		ubfx	r3, r3, #0, #11
 471              		.loc 1 57 5 view .LVU124
 472 0026 2A46     		mov	r2, r5
 473 0028 1943     		orrs	r1, r1, r3
 474 002a 0648     		ldr	r0, .L26+4
 475 002c FFF7FEFF 		bl	setPortPinsAsInput
 476              	.LVL27:
  58:lib/odeta_gpio.c ****     setPortPinsAsInput(GPIOC, _PORT(C, pins), mode);
 477              		.loc 1 58 5 is_stmt 1 view .LVU125
 478              		.loc 1 58 31 is_stmt 0 view .LVU126
 479 0030 640F     		lsrs	r4, r4, #29
 480              	.LVL28:
 481              		.loc 1 58 5 view .LVU127
 482 0032 2A46     		mov	r2, r5
 483 0034 6103     		lsls	r1, r4, #13
 484 0036 0448     		ldr	r0, .L26+8
 485 0038 FFF7FEFF 		bl	setPortPinsAsInput
 486              	.LVL29:
  59:lib/odeta_gpio.c **** }
 487              		.loc 1 59 1 view .LVU128
 488 003c 38BD     		pop	{r3, r4, r5, pc}
 489              	.L27:
 490 003e 00BF     		.align	2
 491              	.L26:
 492 0040 00000240 		.word	1073872896
 493 0044 00040240 		.word	1073873920
 494 0048 00080240 		.word	1073874944
 495              		.cfi_endproc
 496              	.LFE396:
 498              		.section	.text.gpioSetOutput,"ax",%progbits
 499              		.align	1
 500              		.global	gpioSetOutput
 501              		.syntax unified
 502              		.thumb
 503              		.thumb_func
 505              	gpioSetOutput:
 506              	.LVL30:
 507              	.LFB397:
  60:lib/odeta_gpio.c **** 
  61:lib/odeta_gpio.c **** 
  62:lib/odeta_gpio.c **** 
  63:lib/odeta_gpio.c **** void gpioSetOutput(uint32_t pins, uint8_t state){
 508              		.loc 1 63 49 is_stmt 1 view -0
 509              		.cfi_startproc
 510              		@ args = 0, pretend = 0, frame = 0
 511              		@ frame_needed = 0, uses_anonymous_args = 0
 512              		.loc 1 63 49 is_stmt 0 view .LVU130
 513 0000 38B5     		push	{r3, r4, r5, lr}
 514              	.LCFI6:
 515              		.cfi_def_cfa_offset 16
 516              		.cfi_offset 3, -16
 517              		.cfi_offset 4, -12
 518              		.cfi_offset 5, -8
ARM GAS  /tmp/cctegLwS.s 			page 11


 519              		.cfi_offset 14, -4
 520 0002 0446     		mov	r4, r0
 521 0004 0D46     		mov	r5, r1
  64:lib/odeta_gpio.c ****     setPortOutput(GPIOA, _PORT(A, pins), state);
 522              		.loc 1 64 5 is_stmt 1 view .LVU131
 523              		.loc 1 64 26 is_stmt 0 view .LVU132
 524 0006 8300     		lsls	r3, r0, #2
 525 0008 03F40043 		and	r3, r3, #32768
 526 000c C0F30C01 		ubfx	r1, r0, #0, #13
 527              	.LVL31:
 528              		.loc 1 64 5 view .LVU133
 529 0010 2A46     		mov	r2, r5
 530 0012 1943     		orrs	r1, r1, r3
 531 0014 0A48     		ldr	r0, .L30
 532              	.LVL32:
 533              		.loc 1 64 5 view .LVU134
 534 0016 FFF7FEFF 		bl	setPortOutput
 535              	.LVL33:
  65:lib/odeta_gpio.c ****     setPortOutput(GPIOB, _PORT(B, pins), state);
 536              		.loc 1 65 5 is_stmt 1 view .LVU135
 537              		.loc 1 65 26 is_stmt 0 view .LVU136
 538 001a A30B     		lsrs	r3, r4, #14
 539 001c 5900     		lsls	r1, r3, #1
 540 001e 01F47041 		and	r1, r1, #61440
 541 0022 C3F30A03 		ubfx	r3, r3, #0, #11
 542              		.loc 1 65 5 view .LVU137
 543 0026 2A46     		mov	r2, r5
 544 0028 1943     		orrs	r1, r1, r3
 545 002a 0648     		ldr	r0, .L30+4
 546 002c FFF7FEFF 		bl	setPortOutput
 547              	.LVL34:
  66:lib/odeta_gpio.c ****     setPortOutput(GPIOC, _PORT(C, pins), state);
 548              		.loc 1 66 5 is_stmt 1 view .LVU138
 549              		.loc 1 66 26 is_stmt 0 view .LVU139
 550 0030 640F     		lsrs	r4, r4, #29
 551              	.LVL35:
 552              		.loc 1 66 5 view .LVU140
 553 0032 2A46     		mov	r2, r5
 554 0034 6103     		lsls	r1, r4, #13
 555 0036 0448     		ldr	r0, .L30+8
 556 0038 FFF7FEFF 		bl	setPortOutput
 557              	.LVL36:
  67:lib/odeta_gpio.c **** }
 558              		.loc 1 67 1 view .LVU141
 559 003c 38BD     		pop	{r3, r4, r5, pc}
 560              	.L31:
 561 003e 00BF     		.align	2
 562              	.L30:
 563 0040 00000240 		.word	1073872896
 564 0044 00040240 		.word	1073873920
 565 0048 00080240 		.word	1073874944
 566              		.cfi_endproc
 567              	.LFE397:
 569              		.section	.text.gpioGetInput,"ax",%progbits
 570              		.align	1
 571              		.global	gpioGetInput
 572              		.syntax unified
ARM GAS  /tmp/cctegLwS.s 			page 12


 573              		.thumb
 574              		.thumb_func
 576              	gpioGetInput:
 577              	.LVL37:
 578              	.LFB398:
  68:lib/odeta_gpio.c **** 
  69:lib/odeta_gpio.c **** 
  70:lib/odeta_gpio.c **** uint32_t gpioGetInput(uint32_t pins){
 579              		.loc 1 70 37 is_stmt 1 view -0
 580              		.cfi_startproc
 581              		@ args = 0, pretend = 0, frame = 0
 582              		@ frame_needed = 0, uses_anonymous_args = 0
 583              		.loc 1 70 37 is_stmt 0 view .LVU143
 584 0000 38B5     		push	{r3, r4, r5, lr}
 585              	.LCFI7:
 586              		.cfi_def_cfa_offset 16
 587              		.cfi_offset 3, -16
 588              		.cfi_offset 4, -12
 589              		.cfi_offset 5, -8
 590              		.cfi_offset 14, -4
 591 0002 0446     		mov	r4, r0
  71:lib/odeta_gpio.c ****     uint32_t ret = 1;
 592              		.loc 1 71 5 is_stmt 1 view .LVU144
 593              	.LVL38:
  72:lib/odeta_gpio.c ****     ret &= getPortInput(GPIOA, _PORT(A, pins));
 594              		.loc 1 72 5 view .LVU145
 595              		.loc 1 72 32 is_stmt 0 view .LVU146
 596 0004 8300     		lsls	r3, r0, #2
 597 0006 03F40043 		and	r3, r3, #32768
 598 000a C0F30C01 		ubfx	r1, r0, #0, #13
 599              		.loc 1 72 12 view .LVU147
 600 000e 1943     		orrs	r1, r1, r3
 601 0010 0B48     		ldr	r0, .L34
 602              	.LVL39:
 603              		.loc 1 72 12 view .LVU148
 604 0012 FFF7FEFF 		bl	getPortInput
 605              	.LVL40:
 606              		.loc 1 72 9 view .LVU149
 607 0016 00F00105 		and	r5, r0, #1
 608              	.LVL41:
  73:lib/odeta_gpio.c ****     ret &= getPortInput(GPIOB, _PORT(B, pins));
 609              		.loc 1 73 5 is_stmt 1 view .LVU150
 610              		.loc 1 73 32 is_stmt 0 view .LVU151
 611 001a A30B     		lsrs	r3, r4, #14
 612 001c 5900     		lsls	r1, r3, #1
 613 001e 01F47041 		and	r1, r1, #61440
 614 0022 C3F30A03 		ubfx	r3, r3, #0, #11
 615              		.loc 1 73 12 view .LVU152
 616 0026 1943     		orrs	r1, r1, r3
 617 0028 0648     		ldr	r0, .L34+4
 618 002a FFF7FEFF 		bl	getPortInput
 619              	.LVL42:
 620              		.loc 1 73 9 view .LVU153
 621 002e 0540     		ands	r5, r5, r0
 622              	.LVL43:
  74:lib/odeta_gpio.c ****     ret &= getPortInput(GPIOC, _PORT(C, pins));
 623              		.loc 1 74 5 is_stmt 1 view .LVU154
ARM GAS  /tmp/cctegLwS.s 			page 13


 624              		.loc 1 74 32 is_stmt 0 view .LVU155
 625 0030 610F     		lsrs	r1, r4, #29
 626              		.loc 1 74 12 view .LVU156
 627 0032 4903     		lsls	r1, r1, #13
 628 0034 0448     		ldr	r0, .L34+8
 629 0036 FFF7FEFF 		bl	getPortInput
 630              	.LVL44:
  75:lib/odeta_gpio.c **** 
  76:lib/odeta_gpio.c ****     return ret;
 631              		.loc 1 76 5 is_stmt 1 view .LVU157
  77:lib/odeta_gpio.c **** }
 632              		.loc 1 77 1 is_stmt 0 view .LVU158
 633 003a 2840     		ands	r0, r0, r5
 634              	.LVL45:
 635              		.loc 1 77 1 view .LVU159
 636 003c 38BD     		pop	{r3, r4, r5, pc}
 637              	.LVL46:
 638              	.L35:
 639              		.loc 1 77 1 view .LVU160
 640 003e 00BF     		.align	2
 641              	.L34:
 642 0040 00000240 		.word	1073872896
 643 0044 00040240 		.word	1073873920
 644 0048 00080240 		.word	1073874944
 645              		.cfi_endproc
 646              	.LFE398:
 648              		.section	.text.gpioGetOutput,"ax",%progbits
 649              		.align	1
 650              		.global	gpioGetOutput
 651              		.syntax unified
 652              		.thumb
 653              		.thumb_func
 655              	gpioGetOutput:
 656              	.LVL47:
 657              	.LFB399:
  78:lib/odeta_gpio.c **** 
  79:lib/odeta_gpio.c **** uint32_t gpioGetOutput(uint32_t pins){
 658              		.loc 1 79 38 is_stmt 1 view -0
 659              		.cfi_startproc
 660              		@ args = 0, pretend = 0, frame = 0
 661              		@ frame_needed = 0, uses_anonymous_args = 0
 662              		.loc 1 79 38 is_stmt 0 view .LVU162
 663 0000 38B5     		push	{r3, r4, r5, lr}
 664              	.LCFI8:
 665              		.cfi_def_cfa_offset 16
 666              		.cfi_offset 3, -16
 667              		.cfi_offset 4, -12
 668              		.cfi_offset 5, -8
 669              		.cfi_offset 14, -4
 670 0002 0446     		mov	r4, r0
  80:lib/odeta_gpio.c ****     uint32_t ret = 1;
 671              		.loc 1 80 5 is_stmt 1 view .LVU163
 672              	.LVL48:
  81:lib/odeta_gpio.c ****     ret &= getPortOutput(GPIOA, _PORT(A, pins));
 673              		.loc 1 81 5 view .LVU164
 674              		.loc 1 81 33 is_stmt 0 view .LVU165
 675 0004 8300     		lsls	r3, r0, #2
ARM GAS  /tmp/cctegLwS.s 			page 14


 676 0006 03F40043 		and	r3, r3, #32768
 677 000a C0F30C01 		ubfx	r1, r0, #0, #13
 678              		.loc 1 81 12 view .LVU166
 679 000e 1943     		orrs	r1, r1, r3
 680 0010 0B48     		ldr	r0, .L38
 681              	.LVL49:
 682              		.loc 1 81 12 view .LVU167
 683 0012 FFF7FEFF 		bl	getPortOutput
 684              	.LVL50:
 685              		.loc 1 81 9 view .LVU168
 686 0016 00F00105 		and	r5, r0, #1
 687              	.LVL51:
  82:lib/odeta_gpio.c ****     ret &= getPortOutput(GPIOB, _PORT(B, pins));
 688              		.loc 1 82 5 is_stmt 1 view .LVU169
 689              		.loc 1 82 33 is_stmt 0 view .LVU170
 690 001a A30B     		lsrs	r3, r4, #14
 691 001c 5900     		lsls	r1, r3, #1
 692 001e 01F47041 		and	r1, r1, #61440
 693 0022 C3F30A03 		ubfx	r3, r3, #0, #11
 694              		.loc 1 82 12 view .LVU171
 695 0026 1943     		orrs	r1, r1, r3
 696 0028 0648     		ldr	r0, .L38+4
 697 002a FFF7FEFF 		bl	getPortOutput
 698              	.LVL52:
 699              		.loc 1 82 9 view .LVU172
 700 002e 0540     		ands	r5, r5, r0
 701              	.LVL53:
  83:lib/odeta_gpio.c ****     ret &= getPortOutput(GPIOC, _PORT(C, pins));
 702              		.loc 1 83 5 is_stmt 1 view .LVU173
 703              		.loc 1 83 33 is_stmt 0 view .LVU174
 704 0030 610F     		lsrs	r1, r4, #29
 705              		.loc 1 83 12 view .LVU175
 706 0032 4903     		lsls	r1, r1, #13
 707 0034 0448     		ldr	r0, .L38+8
 708 0036 FFF7FEFF 		bl	getPortOutput
 709              	.LVL54:
  84:lib/odeta_gpio.c **** 
  85:lib/odeta_gpio.c ****     return ret;
 710              		.loc 1 85 5 is_stmt 1 view .LVU176
  86:lib/odeta_gpio.c **** }
 711              		.loc 1 86 1 is_stmt 0 view .LVU177
 712 003a 2840     		ands	r0, r0, r5
 713              	.LVL55:
 714              		.loc 1 86 1 view .LVU178
 715 003c 38BD     		pop	{r3, r4, r5, pc}
 716              	.LVL56:
 717              	.L39:
 718              		.loc 1 86 1 view .LVU179
 719 003e 00BF     		.align	2
 720              	.L38:
 721 0040 00000240 		.word	1073872896
 722 0044 00040240 		.word	1073873920
 723 0048 00080240 		.word	1073874944
 724              		.cfi_endproc
 725              	.LFE399:
 727              		.text
 728              	.Letext0:
ARM GAS  /tmp/cctegLwS.s 			page 15


 729              		.file 2 "/home/fran/.arm_gnu_toolchain/arm-none-eabi/include/machine/_default_types.h"
 730              		.file 3 "/home/fran/.arm_gnu_toolchain/arm-none-eabi/include/sys/_stdint.h"
 731              		.file 4 "lib/Drivers/CMSIS/Device/ST/STM32F4xx/Include/stm32f411xe.h"
 732              		.file 5 "lib/odeta_gpio.h"
ARM GAS  /tmp/cctegLwS.s 			page 16


DEFINED SYMBOLS
                            *ABS*:00000000 odeta_gpio.c
     /tmp/cctegLwS.s:21     .text.setPortPinsAsOutput:00000000 $t
     /tmp/cctegLwS.s:27     .text.setPortPinsAsOutput:00000000 setPortPinsAsOutput
     /tmp/cctegLwS.s:160    .text.setPortPinsAsInput:00000000 $t
     /tmp/cctegLwS.s:166    .text.setPortPinsAsInput:00000000 setPortPinsAsInput
     /tmp/cctegLwS.s:258    .text.setPortOutput:00000000 $t
     /tmp/cctegLwS.s:264    .text.setPortOutput:00000000 setPortOutput
     /tmp/cctegLwS.s:295    .text.getPortInput:00000000 $t
     /tmp/cctegLwS.s:301    .text.getPortInput:00000000 getPortInput
     /tmp/cctegLwS.s:326    .text.getPortOutput:00000000 $t
     /tmp/cctegLwS.s:332    .text.getPortOutput:00000000 getPortOutput
     /tmp/cctegLwS.s:357    .text.gpioSetPinsAsOutput:00000000 $t
     /tmp/cctegLwS.s:363    .text.gpioSetPinsAsOutput:00000000 gpioSetPinsAsOutput
     /tmp/cctegLwS.s:421    .text.gpioSetPinsAsOutput:00000040 $d
     /tmp/cctegLwS.s:428    .text.gpioSetPinsAsInput:00000000 $t
     /tmp/cctegLwS.s:434    .text.gpioSetPinsAsInput:00000000 gpioSetPinsAsInput
     /tmp/cctegLwS.s:492    .text.gpioSetPinsAsInput:00000040 $d
     /tmp/cctegLwS.s:499    .text.gpioSetOutput:00000000 $t
     /tmp/cctegLwS.s:505    .text.gpioSetOutput:00000000 gpioSetOutput
     /tmp/cctegLwS.s:563    .text.gpioSetOutput:00000040 $d
     /tmp/cctegLwS.s:570    .text.gpioGetInput:00000000 $t
     /tmp/cctegLwS.s:576    .text.gpioGetInput:00000000 gpioGetInput
     /tmp/cctegLwS.s:642    .text.gpioGetInput:00000040 $d
     /tmp/cctegLwS.s:649    .text.gpioGetOutput:00000000 $t
     /tmp/cctegLwS.s:655    .text.gpioGetOutput:00000000 gpioGetOutput
     /tmp/cctegLwS.s:721    .text.gpioGetOutput:00000040 $d

NO UNDEFINED SYMBOLS
